Arguments: 
  /Users/kuku/.nvm/versions/node/v14.17.3/bin/node /Users/kuku/.nvm/versions/node/v14.17.3/bin/yarn add -D @types/rxjs

PATH: 
  /usr/local/mysql/bin:/Users/kuku/.Development/apache-maven/bin:/Users/kuku/.nvm/versions/node/v14.17.3/bin:/usr/local/bin:/usr/bin:/bin:/usr/sbin:/sbin:/Library/Apple/usr/bin:/Users/kuku/KukuPrivate/chip-chip/node_modules/.bin:/usr/local/mysql/bin:/Users/kuku/.Development/apache-maven/bin:/Users/kuku/.sdkman/candidates/springboot/current/bin:/Users/kuku/.sdkman/candidates/gradle/current/bin:/Users/kuku/.nvm/versions/node/v14.17.3/bin:/Users/kuku/.Development/flutter/bin:/Users/kuku/.Development/redis/src:/Users/kuku/.Development/flutter/bin:/Users/kuku/.Development/redis/src

Yarn version: 
  1.22.10

Node version: 
  14.17.3

Platform: 
  darwin x64

Trace: 
  Error: https://registry.yarnpkg.com/@types%2frxjs: Not found
      at Request.params.callback [as _callback] (/Users/kuku/.nvm/versions/node/v14.17.3/lib/node_modules/yarn/lib/cli.js:66988:18)
      at Request.self.callback (/Users/kuku/.nvm/versions/node/v14.17.3/lib/node_modules/yarn/lib/cli.js:140662:22)
      at Request.emit (events.js:375:28)
      at Request.<anonymous> (/Users/kuku/.nvm/versions/node/v14.17.3/lib/node_modules/yarn/lib/cli.js:141634:10)
      at Request.emit (events.js:375:28)
      at IncomingMessage.<anonymous> (/Users/kuku/.nvm/versions/node/v14.17.3/lib/node_modules/yarn/lib/cli.js:141556:12)
      at Object.onceWrapper (events.js:481:28)
      at IncomingMessage.emit (events.js:387:35)
      at endReadableNT (internal/streams/readable.js:1317:12)
      at processTicksAndRejections (internal/process/task_queues.js:82:21)

npm manifest: 
  {
    "name": "@chip-chip/schema",
    "version": "0.0.1-alpha.0",
    "description": "> TODO: description",
    "author": "chip.chip.dev <chip.chip.dev@gmail.com>",
    "homepage": "",
    "license": "ISC",
    "main": "lib/index.ts",
    "directories": {
      "lib": "lib",
      "test": "__tests__"
    },
    "files": [
      "lib"
    ],
    "scripts": {
      "test": "echo \"Error: run tests from root\" && exit 1"
    }
  }

yarn manifest: 
  No manifest

Lockfile: 
  No lockfile
